<?xml version="1.0" ?>
<coverage branch-rate="0.3996" branches-covered="454" branches-valid="1136" complexity="0" line-rate="0.5053" lines-covered="1143" lines-valid="2262" timestamp="1589490071160" version="5.1">
	<!-- Generated by coverage.py: https://coverage.readthedocs.io -->
	<!-- Based on https://raw.githubusercontent.com/cobertura/web/master/htdocs/xml/coverage-04.dtd -->
	<sources>
		<source>D:\Documents\GitHub\BioCRNPyler\biocrnpyler</source>
	</sources>
	<packages>
		<package branch-rate="0.3996" complexity="0" line-rate="0.5053" name=".">
			<classes>
				<class branch-rate="1" complexity="0" filename="__init__.py" line-rate="1" name="__init__.py">
					<methods/>
					<lines>
						<line hits="1" number="5"/>
						<line hits="1" number="6"/>
						<line hits="1" number="7"/>
						<line hits="1" number="8"/>
						<line hits="1" number="9"/>
						<line hits="1" number="10"/>
						<line hits="1" number="11"/>
						<line hits="1" number="14"/>
						<line hits="1" number="15"/>
						<line hits="1" number="16"/>
						<line hits="1" number="19"/>
						<line hits="1" number="20"/>
						<line hits="1" number="21"/>
						<line hits="1" number="22"/>
						<line hits="1" number="23"/>
						<line hits="1" number="24"/>
					</lines>
				</class>
				<class branch-rate="0.44" complexity="0" filename="chemical_reaction_network.py" line-rate="0.4698" name="chemical_reaction_network.py">
					<methods/>
					<lines>
						<line hits="1" number="4"/>
						<line hits="1" number="5"/>
						<line hits="1" number="6"/>
						<line hits="1" number="7"/>
						<line hits="1" number="8"/>
						<line hits="1" number="13"/>
						<line hits="1" number="19"/>
						<line hits="1" number="21"/>
						<line hits="1" number="22"/>
						<line hits="1" number="23"/>
						<line branch="true" condition-coverage="100% (2/2)" hits="1" number="24"/>
						<line hits="1" number="25"/>
						<line hits="1" number="29"/>
						<line branch="true" condition-coverage="100% (2/2)" hits="1" number="31"/>
						<line branch="true" condition-coverage="100% (2/2)" hits="1" number="32"/>
						<line hits="1" number="33"/>
						<line hits="1" number="35"/>
						<line hits="1" number="36"/>
						<line branch="true" condition-coverage="100% (2/2)" hits="1" number="37"/>
						<line hits="1" number="38"/>
						<line hits="1" number="40"/>
						<line branch="true" condition-coverage="100% (2/2)" hits="1" number="42"/>
						<line branch="true" condition-coverage="100% (2/2)" hits="1" number="43"/>
						<line branch="true" condition-coverage="50% (1/2)" hits="1" missing-branches="43" number="44"/>
						<line hits="1" number="45"/>
						<line hits="1" number="46"/>
						<line hits="1" number="47"/>
						<line hits="1" number="50"/>
						<line hits="0" number="51"/>
						<line branch="true" condition-coverage="0% (0/2)" hits="0" missing-branches="53,55" number="52"/>
						<line hits="0" number="53"/>
						<line hits="0" number="55"/>
						<line branch="true" condition-coverage="0% (0/2)" hits="0" missing-branches="58,64" number="57"/>
						<line hits="0" number="58"/>
						<line branch="true" condition-coverage="0% (0/2)" hits="0" missing-branches="60,62" number="59"/>
						<line branch="true" condition-coverage="0% (0/2)" hits="0" missing-branches="59,61" number="60"/>
						<line hits="0" number="61"/>
						<line hits="0" number="62"/>
						<line hits="0" number="64"/>
						<line branch="true" condition-coverage="0% (0/2)" hits="0" missing-branches="67,69" number="66"/>
						<line hits="0" number="67"/>
						<line hits="0" number="69"/>
						<line hits="1" number="71"/>
						<line hits="1" number="72"/>
						<line hits="1" number="74"/>
						<line hits="1" number="76"/>
						<line branch="true" condition-coverage="100% (2/2)" hits="1" number="84"/>
						<line hits="1" number="88"/>
						<line hits="1" number="90"/>
						<line hits="1" number="91"/>
						<line hits="0" number="92"/>
						<line hits="1" number="93"/>
						<line hits="1" number="94"/>
						<line hits="1" number="96"/>
						<line hits="1" number="97"/>
						<line hits="1" number="100"/>
						<line hits="1" number="108"/>
						<line branch="true" condition-coverage="100% (2/2)" hits="1" number="109"/>
						<line hits="1" number="110"/>
						<line branch="true" condition-coverage="100% (2/2)" hits="1" number="113"/>
						<line hits="1" number="114"/>
						<line branch="true" condition-coverage="66% (2/3)" hits="1" missing-branches="116" number="115"/>
						<line hits="0" number="116"/>
						<line branch="true" condition-coverage="50% (1/2)" hits="1" missing-branches="133" number="118"/>
						<line hits="1" number="119"/>
						<line branch="true" condition-coverage="100% (2/2)" hits="1" number="120"/>
						<line branch="true" condition-coverage="100% (2/2)" hits="1" number="122"/>
						<line branch="true" condition-coverage="100% (2/2)" hits="1" number="123"/>
						<line hits="1" number="124"/>
						<line branch="true" condition-coverage="100% (2/2)" hits="1" number="125"/>
						<line hits="1" number="126"/>
						<line branch="true" condition-coverage="100% (2/2)" hits="1" number="127"/>
						<line hits="1" number="128"/>
						<line hits="1" number="130"/>
						<line hits="1" number="131"/>
						<line hits="1" number="133"/>
						<line hits="1" number="134"/>
						<line hits="1" number="135"/>
						<line branch="true" condition-coverage="50% (1/2)" hits="1" missing-branches="139" number="137"/>
						<line hits="1" number="138"/>
						<line branch="true" condition-coverage="100% (2/2)" hits="1" number="139"/>
						<line hits="1" number="140"/>
						<line hits="1" number="141"/>
						<line branch="true" condition-coverage="50% (1/2)" hits="1" missing-branches="144" number="143"/>
						<line hits="0" number="144"/>
						<line hits="1" number="146"/>
						<line hits="1" number="148"/>
						<line hits="0" number="149"/>
						<line branch="true" condition-coverage="0% (0/2)" hits="0" missing-branches="151,153" number="150"/>
						<line hits="0" number="151"/>
						<line branch="true" condition-coverage="0% (0/2)" hits="0" missing-branches="154,158" number="153"/>
						<line hits="0" number="154"/>
						<line branch="true" condition-coverage="0% (0/2)" hits="0" missing-branches="156,157" number="155"/>
						<line hits="0" number="156"/>
						<line hits="0" number="157"/>
						<line hits="0" number="158"/>
						<line branch="true" condition-coverage="0% (0/2)" hits="0" missing-branches="161,167" number="160"/>
						<line hits="0" number="161"/>
						<line branch="true" condition-coverage="0% (0/2)" hits="0" missing-branches="163,165" number="162"/>
						<line branch="true" condition-coverage="0% (0/2)" hits="0" missing-branches="162,164" number="163"/>
						<line hits="0" number="164"/>
						<line hits="0" number="165"/>
						<line hits="0" number="167"/>
						<line branch="true" condition-coverage="0% (0/2)" hits="0" missing-branches="170,172" number="169"/>
						<line hits="0" number="170"/>
						<line hits="0" number="172"/>
						<line hits="1" number="175"/>
						<line hits="1" number="179"/>
						<line branch="true" condition-coverage="100% (2/2)" hits="1" number="181"/>
						<line hits="1" number="182"/>
						<line branch="true" condition-coverage="50% (1/2)" hits="1" missing-branches="184" number="183"/>
						<line hits="0" number="184"/>
						<line hits="1" number="186"/>
						<line hits="1" number="188"/>
						<line hits="1" number="190"/>
						<line hits="1" number="197"/>
						<line branch="true" condition-coverage="100% (2/2)" hits="1" number="198"/>
						<line hits="1" number="199"/>
						<line branch="true" condition-coverage="100% (2/2)" hits="1" number="202"/>
						<line branch="true" condition-coverage="66% (2/3)" hits="1" missing-branches="204" number="203"/>
						<line hits="0" number="204"/>
						<line branch="true" condition-coverage="50% (1/2)" hits="1" missing-branches="217" number="206"/>
						<line hits="1" number="207"/>
						<line branch="true" condition-coverage="100% (2/2)" hits="1" number="208"/>
						<line branch="true" condition-coverage="100% (2/2)" hits="1" number="209"/>
						<line hits="1" number="210"/>
						<line branch="true" condition-coverage="100% (2/2)" hits="1" number="211"/>
						<line hits="1" number="212"/>
						<line hits="1" number="214"/>
						<line hits="1" number="215"/>
						<line hits="1" number="217"/>
						<line hits="1" number="218"/>
						<line hits="1" number="219"/>
						<line branch="true" condition-coverage="50% (1/2)" hits="1" missing-branches="223" number="221"/>
						<line hits="1" number="222"/>
						<line branch="true" condition-coverage="100% (2/2)" hits="1" number="223"/>
						<line hits="1" number="224"/>
						<line hits="1" number="225"/>
						<line branch="true" condition-coverage="50% (1/2)" hits="1" missing-branches="228" number="227"/>
						<line hits="0" number="228"/>
						<line hits="1" number="230"/>
						<line hits="1" number="232"/>
						<line hits="0" number="233"/>
						<line branch="true" condition-coverage="0% (0/2)" hits="0" missing-branches="235,238" number="234"/>
						<line hits="0" number="235"/>
						<line branch="true" condition-coverage="0% (0/2)" hits="0" missing-branches="239,240" number="238"/>
						<line hits="0" number="239"/>
						<line hits="0" number="240"/>
						<line branch="true" condition-coverage="0% (0/2)" hits="0" missing-branches="243,249" number="242"/>
						<line hits="0" number="243"/>
						<line branch="true" condition-coverage="0% (0/2)" hits="0" missing-branches="245,247" number="244"/>
						<line branch="true" condition-coverage="0% (0/2)" hits="0" missing-branches="244,246" number="245"/>
						<line hits="0" number="246"/>
						<line hits="0" number="247"/>
						<line hits="0" number="249"/>
						<line branch="true" condition-coverage="0% (0/2)" hits="0" missing-branches="252,254" number="251"/>
						<line hits="0" number="252"/>
						<line hits="0" number="254"/>
						<line hits="1" number="256"/>
						<line hits="1" number="265"/>
						<line branch="true" condition-coverage="100% (2/2)" hits="1" number="269"/>
						<line hits="1" number="270"/>
						<line branch="true" condition-coverage="100% (2/2)" hits="1" number="272"/>
						<line hits="1" number="273"/>
						<line branch="true" condition-coverage="50% (1/2)" hits="1" missing-branches="275" number="274"/>
						<line hits="0" number="275"/>
						<line branch="true" condition-coverage="50% (1/2)" hits="1" missing-branches="277" number="276"/>
						<line hits="0" number="277"/>
						<line hits="0" number="278"/>
						<line branch="true" condition-coverage="50% (1/2)" hits="1" missing-branches="281" number="280"/>
						<line hits="0" number="281"/>
						<line branch="true" condition-coverage="100% (2/2)" hits="1" number="284"/>
						<line hits="1" number="285"/>
						<line branch="true" condition-coverage="50% (1/2)" hits="1" missing-branches="287" number="286"/>
						<line hits="0" number="287"/>
						<line branch="true" condition-coverage="100% (2/2)" hits="1" number="292"/>
						<line branch="true" condition-coverage="50% (1/2)" hits="1" missing-branches="346" number="293"/>
						<line hits="1" number="295"/>
						<line branch="true" condition-coverage="50% (1/2)" hits="1" missing-branches="303" number="302"/>
						<line branch="true" condition-coverage="0% (0/2)" hits="0" missing-branches="305,346" number="303"/>
						<line hits="0" number="305"/>
						<line branch="true" condition-coverage="50% (1/2)" hits="1" missing-branches="313" number="312"/>
						<line branch="true" condition-coverage="0% (0/2)" hits="0" missing-branches="316,346" number="313"/>
						<line hits="0" number="316"/>
						<line branch="true" condition-coverage="50% (1/2)" hits="1" missing-branches="325" number="324"/>
						<line branch="true" condition-coverage="0% (0/2)" hits="0" missing-branches="328,346" number="325"/>
						<line hits="0" number="328"/>
						<line branch="true" condition-coverage="50% (1/2)" hits="1" missing-branches="337" number="336"/>
						<line branch="true" condition-coverage="0% (0/2)" hits="0" missing-branches="338,346" number="337"/>
						<line hits="0" number="338"/>
						<line branch="true" condition-coverage="50% (1/2)" hits="1" missing-branches="345" number="344"/>
						<line hits="0" number="345"/>
						<line hits="1" number="346"/>
						<line hits="1" number="347"/>
						<line branch="true" condition-coverage="100% (3/3)" hits="1" number="350"/>
						<line hits="1" number="351"/>
						<line hits="1" number="356"/>
						<line branch="true" condition-coverage="100% (2/2)" hits="1" number="357"/>
						<line branch="true" condition-coverage="50% (1/2)" hits="1" missing-branches="357" number="358"/>
						<line hits="1" number="359"/>
						<line hits="1" number="360"/>
						<line branch="true" condition-coverage="100% (2/2)" hits="1" number="361"/>
						<line branch="true" condition-coverage="50% (1/2)" hits="1" missing-branches="361" number="362"/>
						<line hits="1" number="363"/>
						<line hits="1" number="366"/>
						<line hits="1" number="368"/>
						<line branch="true" condition-coverage="100% (2/2)" hits="1" number="371"/>
						<line hits="1" number="372"/>
						<line hits="1" number="374"/>
						<line branch="true" condition-coverage="100% (2/2)" hits="1" number="375"/>
						<line hits="1" number="376"/>
						<line hits="1" number="377"/>
						<line hits="1" number="379"/>
						<line hits="1" number="380"/>
						<line branch="true" condition-coverage="100% (2/2)" hits="1" number="384"/>
						<line branch="true" condition-coverage="100% (2/2)" hits="1" number="385"/>
						<line branch="true" condition-coverage="100% (2/2)" hits="1" number="386"/>
						<line hits="1" number="387"/>
						<line branch="true" condition-coverage="50% (1/2)" hits="1" missing-branches="390" number="388"/>
						<line hits="0" number="390"/>
						<line hits="1" number="393"/>
						<line branch="true" condition-coverage="100% (2/2)" hits="1" number="397"/>
						<line branch="true" condition-coverage="100% (2/2)" hits="1" number="398"/>
						<line branch="true" condition-coverage="100% (2/2)" hits="1" number="399"/>
						<line hits="1" number="401"/>
						<line branch="true" condition-coverage="50% (1/2)" hits="1" missing-branches="404" number="402"/>
						<line hits="0" number="404"/>
						<line hits="1" number="407"/>
						<line hits="1" number="411"/>
						<line hits="1" number="412"/>
						<line hits="1" number="413"/>
						<line branch="true" condition-coverage="50% (1/2)" hits="1" missing-branches="461" number="414"/>
						<line hits="1" number="415"/>
						<line hits="1" number="416"/>
						<line branch="true" condition-coverage="100% (2/2)" hits="1" number="417"/>
						<line branch="true" condition-coverage="50% (1/2)" hits="1" missing-branches="419" number="418"/>
						<line hits="0" number="419"/>
						<line hits="1" number="421"/>
						<line hits="1" number="423"/>
						<line branch="true" condition-coverage="50% (1/2)" hits="1" missing-branches="426" number="425"/>
						<line hits="0" number="426"/>
						<line hits="1" number="428"/>
						<line branch="true" condition-coverage="50% (1/2)" hits="1" missing-branches="431" number="430"/>
						<line hits="0" number="431"/>
						<line branch="true" condition-coverage="50% (1/2)" hits="1" missing-branches="435" number="433"/>
						<line hits="1" number="434"/>
						<line hits="1" number="435"/>
						<line branch="true" condition-coverage="50% (1/2)" hits="1" missing-branches="438" number="437"/>
						<line hits="0" number="438"/>
						<line hits="0" number="439"/>
						<line branch="true" condition-coverage="0% (0/2)" hits="0" missing-branches="442,457" number="441"/>
						<line branch="true" condition-coverage="0% (0/2)" hits="0" missing-branches="443,445" number="442"/>
						<line hits="0" number="443"/>
						<line hits="0" number="445"/>
						<line hits="0" number="447"/>
						<line branch="true" condition-coverage="0% (0/2)" hits="0" missing-branches="450,452" number="449"/>
						<line hits="0" number="450"/>
						<line hits="0" number="452"/>
						<line branch="true" condition-coverage="0% (0/2)" hits="0" missing-branches="441,455" number="454"/>
						<line hits="0" number="455"/>
						<line branch="true" condition-coverage="0% (0/2)" hits="0" missing-branches="458,459" number="457"/>
						<line hits="0" number="458"/>
						<line hits="0" number="459"/>
						<line branch="true" condition-coverage="0% (0/2)" hits="0" missing-branches="462,470" number="461"/>
						<line branch="true" condition-coverage="0% (0/2)" hits="0" missing-branches="463,465" number="462"/>
						<line hits="0" number="463"/>
						<line hits="0" number="465"/>
						<line hits="0" number="467"/>
						<line hits="0" number="468"/>
						<line hits="0" number="469"/>
						<line branch="true" condition-coverage="0% (0/2)" hits="0" missing-branches="472,480" number="470"/>
						<line branch="true" condition-coverage="0% (0/2)" hits="0" missing-branches="473,475" number="472"/>
						<line hits="0" number="473"/>
						<line hits="0" number="475"/>
						<line hits="0" number="477"/>
						<line hits="0" number="478"/>
						<line hits="0" number="479"/>
						<line branch="true" condition-coverage="0% (0/2)" hits="0" missing-branches="481,492" number="480"/>
						<line branch="true" condition-coverage="0% (0/2)" hits="0" missing-branches="482,485" number="481"/>
						<line hits="0" number="482"/>
						<line hits="0" number="483"/>
						<line hits="0" number="485"/>
						<line hits="0" number="486"/>
						<line hits="0" number="488"/>
						<line hits="0" number="489"/>
						<line hits="0" number="490"/>
						<line branch="true" condition-coverage="0% (0/2)" hits="0" missing-branches="493,504" number="492"/>
						<line branch="true" condition-coverage="0% (0/2)" hits="0" missing-branches="494,497" number="493"/>
						<line hits="0" number="494"/>
						<line hits="0" number="495"/>
						<line hits="0" number="497"/>
						<line hits="0" number="498"/>
						<line hits="0" number="500"/>
						<line hits="0" number="501"/>
						<line hits="0" number="502"/>
						<line branch="true" condition-coverage="0% (0/2)" hits="0" missing-branches="505,508" number="504"/>
						<line hits="0" number="505"/>
						<line hits="0" number="506"/>
						<line hits="0" number="508"/>
						<line hits="1" number="511"/>
						<line hits="1" number="513"/>
						<line hits="1" number="514"/>
						<line hits="1" number="515"/>
						<line branch="true" condition-coverage="100% (2/2)" hits="1" number="516"/>
						<line branch="true" condition-coverage="50% (1/2)" hits="1" missing-branches="518" number="517"/>
						<line hits="0" number="518"/>
						<line hits="1" number="520"/>
						<line branch="true" condition-coverage="50% (1/2)" hits="1" missing-branches="522" number="521"/>
						<line hits="0" number="522"/>
						<line branch="true" condition-coverage="50% (1/2)" hits="1" missing-branches="524" number="523"/>
						<line hits="0" number="524"/>
						<line hits="1" number="526"/>
						<line branch="true" condition-coverage="100% (2/2)" hits="1" number="527"/>
						<line branch="true" condition-coverage="50% (1/2)" hits="1" missing-branches="529" number="528"/>
						<line hits="0" number="529"/>
						<line hits="1" number="531"/>
						<line branch="true" condition-coverage="50% (1/2)" hits="1" missing-branches="533" number="532"/>
						<line hits="0" number="533"/>
						<line hits="1" number="534"/>
						<line hits="1" number="535"/>
						<line hits="1" number="537"/>
						<line hits="1" number="539"/>
						<line hits="0" number="540"/>
						<line hits="0" number="541"/>
						<line branch="true" condition-coverage="0% (0/2)" hits="0" missing-branches="543,549" number="542"/>
						<line branch="true" condition-coverage="0% (0/2)" hits="0" missing-branches="544,546" number="543"/>
						<line hits="0" number="544"/>
						<line hits="0" number="546"/>
						<line branch="true" condition-coverage="0% (0/2)" hits="0" missing-branches="542,548" number="547"/>
						<line hits="0" number="548"/>
						<line branch="true" condition-coverage="0% (0/2)" hits="0" missing-branches="550,552" number="549"/>
						<line hits="0" number="550"/>
						<line hits="0" number="552"/>
						<line branch="true" condition-coverage="0% (0/2)" hits="0" missing-branches="554,560" number="553"/>
						<line branch="true" condition-coverage="0% (0/2)" hits="0" missing-branches="555,557" number="554"/>
						<line hits="0" number="555"/>
						<line hits="0" number="557"/>
						<line branch="true" condition-coverage="0% (0/2)" hits="0" missing-branches="553,559" number="558"/>
						<line hits="0" number="559"/>
						<line hits="0" number="560"/>
						<line branch="true" condition-coverage="0% (0/2)" hits="0" missing-branches="562,569" number="561"/>
						<line branch="true" condition-coverage="0% (0/2)" hits="0" missing-branches="563,567" number="562"/>
						<line hits="0" number="563"/>
						<line hits="0" number="564"/>
						<line hits="0" number="565"/>
						<line hits="0" number="567"/>
						<line hits="0" number="569"/>
						<line hits="1" number="572"/>
						<line hits="1" number="576"/>
						<line hits="1" number="584"/>
						<line hits="1" number="585"/>
						<line branch="true" condition-coverage="50% (1/2)" hits="1" missing-branches="590" number="589"/>
						<line hits="0" number="590"/>
						<line branch="true" condition-coverage="50% (1/2)" hits="1" missing-branches="593" number="591"/>
						<line hits="1" number="592"/>
						<line branch="true" condition-coverage="0% (0/2)" hits="0" missing-branches="597,601" number="593"/>
						<line hits="0" number="597"/>
						<line branch="true" condition-coverage="0% (0/2)" hits="0" missing-branches="602,621" number="601"/>
						<line hits="0" number="602"/>
						<line hits="0" number="610"/>
						<line branch="true" condition-coverage="0% (0/2)" hits="0" missing-branches="612,613" number="611"/>
						<line hits="0" number="612"/>
						<line branch="true" condition-coverage="0% (0/2)" hits="0" missing-branches="614,619" number="613"/>
						<line hits="0" number="614"/>
						<line hits="0" number="617"/>
						<line hits="0" number="619"/>
						<line hits="0" number="621"/>
						<line hits="1" number="623"/>
						<line branch="true" condition-coverage="50% (1/2)" hits="1" missing-branches="627" number="626"/>
						<line hits="0" number="627"/>
						<line branch="true" condition-coverage="100% (2/2)" hits="1" number="629"/>
						<line hits="1" number="630"/>
						<line hits="1" number="631"/>
						<line branch="true" condition-coverage="100% (2/2)" hits="1" number="632"/>
						<line hits="1" number="633"/>
						<line hits="1" number="634"/>
						<line hits="1" number="636"/>
						<line branch="true" condition-coverage="0% (0/2)" hits="0" missing-branches="638,646" number="637"/>
						<line branch="true" condition-coverage="0% (0/2)" hits="0" missing-branches="exit,exit" number="638"/>
						<line branch="true" condition-coverage="0% (0/2)" hits="0" missing-branches="exit,exit" number="646"/>
						<line hits="1" number="651"/>
						<line hits="1" number="663"/>
						<line hits="1" number="664"/>
						<line hits="1" number="667"/>
						<line branch="true" condition-coverage="100% (2/2)" hits="1" number="668"/>
						<line hits="1" number="669"/>
						<line hits="1" number="671"/>
						<line hits="1" number="672"/>
						<line hits="1" number="674"/>
						<line branch="true" condition-coverage="100% (3/3)" hits="1" number="675"/>
						<line hits="1" number="676"/>
						<line hits="1" number="677"/>
						<line branch="true" condition-coverage="100% (2/2)" hits="1" number="679"/>
						<line hits="1" number="680"/>
						<line branch="true" condition-coverage="50% (1/2)" hits="1" missing-branches="679" number="684"/>
						<line hits="1" number="685"/>
						<line hits="1" number="690"/>
						<line branch="true" condition-coverage="100% (3/3)" hits="1" number="692"/>
						<line hits="1" number="693"/>
						<line branch="true" condition-coverage="100% (2/2)" hits="1" number="695"/>
						<line branch="true" condition-coverage="50% (1/2)" hits="1" missing-branches="697" number="696"/>
						<line hits="0" number="697"/>
						<line hits="1" number="700"/>
						<line branch="true" condition-coverage="100% (2/2)" hits="1" number="704"/>
						<line branch="true" condition-coverage="100% (2/2)" hits="1" number="705"/>
						<line hits="1" number="706"/>
						<line branch="true" condition-coverage="100% (2/2)" hits="1" number="709"/>
						<line branch="true" condition-coverage="100% (2/2)" hits="1" number="710"/>
						<line hits="1" number="711"/>
						<line hits="1" number="714"/>
						<line hits="1" number="716"/>
						<line hits="0" number="717"/>
						<line branch="true" condition-coverage="0% (0/2)" hits="0" missing-branches="719,720" number="718"/>
						<line hits="0" number="719"/>
						<line hits="0" number="720"/>
						<line hits="0" number="721"/>
						<line branch="true" condition-coverage="0% (0/2)" hits="0" missing-branches="724,725" number="723"/>
						<line hits="0" number="724"/>
						<line hits="0" number="725"/>
						<line hits="0" number="726"/>
						<line hits="1" number="728"/>
						<line hits="0" number="729"/>
						<line branch="true" condition-coverage="0% (0/2)" hits="0" missing-branches="731,733" number="730"/>
						<line hits="0" number="731"/>
						<line hits="0" number="732"/>
						<line hits="0" number="733"/>
						<line hits="0" number="734"/>
						<line branch="true" condition-coverage="0% (0/2)" hits="0" missing-branches="737,739" number="736"/>
						<line hits="0" number="737"/>
						<line hits="0" number="738"/>
						<line hits="0" number="739"/>
						<line hits="0" number="740"/>
						<line hits="1" number="742"/>
						<line hits="0" number="743"/>
						<line branch="true" condition-coverage="0% (0/2)" hits="0" missing-branches="745,746" number="744"/>
						<line hits="0" number="745"/>
						<line branch="true" condition-coverage="0% (0/2)" hits="0" missing-branches="exit,747" number="746"/>
						<line hits="0" number="747"/>
						<line hits="1" number="750"/>
						<line branch="true" condition-coverage="0% (0/2)" hits="0" missing-branches="752,755" number="751"/>
						<line hits="0" number="752"/>
						<line branch="true" condition-coverage="0% (0/2)" hits="0" missing-branches="754,755" number="753"/>
						<line hits="0" number="754"/>
						<line hits="0" number="755"/>
						<line hits="1" number="757"/>
						<line hits="1" number="758"/>
						<line branch="true" condition-coverage="100% (2/2)" hits="1" number="759"/>
						<line branch="true" condition-coverage="100% (2/2)" hits="1" number="760"/>
						<line hits="1" number="761"/>
						<line hits="1" number="762"/>
						<line hits="1" number="764"/>
						<line hits="1" number="768"/>
						<line branch="true" condition-coverage="100% (2/2)" hits="1" number="769"/>
						<line hits="1" number="770"/>
						<line branch="true" condition-coverage="100% (2/2)" hits="1" number="772"/>
						<line branch="true" condition-coverage="100% (2/2)" hits="1" number="773"/>
						<line branch="true" condition-coverage="100% (2/2)" hits="1" number="774"/>
						<line hits="1" number="775"/>
						<line hits="1" number="777"/>
						<line hits="1" number="778"/>
						<line hits="1" number="780"/>
						<line hits="1" number="781"/>
						<line branch="true" condition-coverage="100% (2/2)" hits="1" number="783"/>
						<line hits="1" number="785"/>
						<line hits="1" number="788"/>
						<line branch="true" condition-coverage="100% (2/2)" hits="1" number="789"/>
						<line hits="1" number="790"/>
						<line hits="1" number="791"/>
						<line hits="1" number="796"/>
						<line branch="true" condition-coverage="50% (1/2)" hits="1" missing-branches="799" number="798"/>
						<line hits="0" number="799"/>
						<line hits="0" number="803"/>
						<line branch="true" condition-coverage="50% (1/2)" hits="1" missing-branches="806" number="805"/>
						<line hits="0" number="806"/>
						<line hits="1" number="807"/>
						<line hits="1" number="809"/>
						<line hits="1" number="810"/>
						<line hits="1" number="811"/>
						<line hits="1" number="812"/>
						<line hits="1" number="813"/>
						<line hits="1" number="814"/>
						<line hits="1" number="816"/>
						<line hits="0" number="817"/>
						<line hits="0" number="819"/>
						<line hits="0" number="820"/>
						<line branch="true" condition-coverage="0% (0/2)" hits="0" missing-branches="822,828" number="821"/>
						<line hits="0" number="822"/>
						<line branch="true" condition-coverage="0% (0/2)" hits="0" missing-branches="824,826" number="823"/>
						<line hits="0" number="824"/>
						<line hits="0" number="826"/>
						<line hits="0" number="828"/>
						<line hits="0" number="829"/>
						<line hits="0" number="830"/>
						<line branch="true" condition-coverage="0% (0/2)" hits="0" missing-branches="833,869" number="831"/>
						<line hits="0" number="833"/>
						<line branch="true" condition-coverage="0% (0/2)" hits="0" missing-branches="835,836" number="834"/>
						<line hits="0" number="835"/>
						<line hits="0" number="836"/>
						<line branch="true" condition-coverage="0% (0/2)" hits="0" missing-branches="838,840" number="837"/>
						<line hits="0" number="838"/>
						<line hits="0" number="840"/>
						<line branch="true" condition-coverage="0% (0/2)" hits="0" missing-branches="842,844" number="841"/>
						<line hits="0" number="842"/>
						<line hits="0" number="844"/>
						<line branch="true" condition-coverage="0% (0/2)" hits="0" missing-branches="846,855" number="845"/>
						<line hits="0" number="846"/>
						<line branch="true" condition-coverage="0% (0/2)" hits="0" missing-branches="848,849" number="847"/>
						<line hits="0" number="848"/>
						<line branch="true" condition-coverage="0% (0/2)" hits="0" missing-branches="850,852" number="849"/>
						<line hits="0" number="850"/>
						<line hits="0" number="852"/>
						<line hits="0" number="855"/>
						<line hits="0" number="856"/>
						<line hits="0" number="858"/>
						<line branch="true" condition-coverage="0% (0/2)" hits="0" missing-branches="862,865" number="861"/>
						<line hits="0" number="862"/>
						<line hits="0" number="863"/>
						<line branch="true" condition-coverage="0% (0/2)" hits="0" missing-branches="831,866" number="865"/>
						<line hits="0" number="866"/>
						<line hits="0" number="869"/>
						<line hits="0" number="871"/>
						<line hits="1" number="873"/>
						<line hits="0" number="876"/>
						<line hits="0" number="877"/>
						<line hits="0" number="878"/>
						<line branch="true" condition-coverage="0% (0/2)" hits="0" missing-branches="880,881" number="879"/>
						<line hits="0" number="880"/>
						<line hits="0" number="881"/>
						<line hits="0" number="886"/>
						<line hits="1" number="889"/>
						<line hits="0" number="892"/>
						<line branch="true" condition-coverage="0% (0/2)" hits="0" missing-branches="895,897" number="894"/>
						<line hits="0" number="895"/>
						<line hits="0" number="896"/>
						<line branch="true" condition-coverage="0% (0/2)" hits="0" missing-branches="898,900" number="897"/>
						<line hits="0" number="898"/>
						<line hits="0" number="900"/>
						<line hits="0" number="902"/>
						<line hits="0" number="904"/>
						<line hits="0" number="905"/>
						<line hits="0" number="910"/>
						<line hits="1" number="912"/>
						<line hits="0" number="922"/>
						<line hits="0" number="923"/>
						<line hits="0" number="924"/>
						<line hits="0" number="925"/>
						<line hits="0" number="926"/>
						<line branch="true" condition-coverage="0% (0/2)" hits="0" missing-branches="930,932" number="929"/>
						<line hits="0" number="930"/>
						<line hits="0" number="932"/>
						<line hits="0" number="934"/>
						<line hits="0" number="935"/>
						<line branch="true" condition-coverage="0% (0/2)" hits="0" missing-branches="937,953" number="936"/>
						<line hits="0" number="937"/>
						<line hits="0" number="938"/>
						<line hits="0" number="939"/>
						<line hits="0" number="940"/>
						<line hits="0" number="941"/>
						<line branch="true" condition-coverage="0% (0/2)" hits="0" missing-branches="943,952" number="942"/>
						<line branch="true" condition-coverage="0% (0/2)" hits="0" missing-branches="944,950" number="943"/>
						<line branch="true" condition-coverage="0% (0/2)" hits="0" missing-branches="945,947" number="944"/>
						<line hits="0" number="945"/>
						<line hits="0" number="946"/>
						<line hits="0" number="947"/>
						<line hits="0" number="948"/>
						<line hits="0" number="950"/>
						<line hits="0" number="951"/>
						<line hits="0" number="952"/>
						<line branch="true" condition-coverage="0% (0/2)" hits="0" missing-branches="954,974" number="953"/>
						<line hits="0" number="954"/>
						<line hits="0" number="958"/>
						<line hits="0" number="959"/>
						<line hits="0" number="960"/>
						<line hits="0" number="961"/>
						<line branch="true" condition-coverage="0% (0/2)" hits="0" missing-branches="963,972" number="962"/>
						<line branch="true" condition-coverage="0% (0/2)" hits="0" missing-branches="964,970" number="963"/>
						<line branch="true" condition-coverage="0% (0/2)" hits="0" missing-branches="965,967" number="964"/>
						<line hits="0" number="965"/>
						<line hits="0" number="966"/>
						<line hits="0" number="967"/>
						<line hits="0" number="968"/>
						<line hits="0" number="970"/>
						<line hits="0" number="971"/>
						<line hits="0" number="972"/>
						<line hits="0" number="974"/>
						<line hits="1" number="977"/>
						<line hits="0" number="988"/>
						<line hits="0" number="989"/>
						<line hits="0" number="990"/>
						<line hits="0" number="991"/>
						<line hits="0" number="993"/>
						<line branch="true" condition-coverage="0% (0/2)" hits="0" missing-branches="995,996" number="994"/>
						<line hits="0" number="995"/>
						<line hits="0" number="996"/>
						<line hits="0" number="997"/>
						<line hits="0" number="998"/>
					</lines>
				</class>
				<class branch-rate="0.7333" complexity="0" filename="component.py" line-rate="0.7411" name="component.py">
					<methods/>
					<lines>
						<line hits="1" number="4"/>
						<line hits="1" number="5"/>
						<line hits="1" number="6"/>
						<line hits="1" number="10"/>
						<line hits="1" number="11"/>
						<line hits="1" number="15"/>
						<line hits="1" number="17"/>
						<line branch="true" condition-coverage="50% (1/2)" hits="1" missing-branches="29" number="28"/>
						<line hits="0" number="29"/>
						<line branch="true" condition-coverage="50% (1/2)" hits="1" missing-branches="33" number="30"/>
						<line hits="1" number="31"/>
						<line hits="0" number="33"/>
						<line hits="1" number="37"/>
						<line hits="1" number="38"/>
						<line hits="1" number="44"/>
						<line hits="1" number="45"/>
						<line branch="true" condition-coverage="100% (2/2)" hits="1" number="49"/>
						<line hits="1" number="50"/>
						<line hits="1" number="52"/>
						<line hits="1" number="53"/>
						<line branch="true" condition-coverage="50% (1/2)" hits="1" missing-branches="55" number="54"/>
						<line hits="0" number="55"/>
						<line hits="1" number="57"/>
						<line hits="1" number="58"/>
						<line hits="1" number="61"/>
						<line hits="1" number="62"/>
						<line branch="true" condition-coverage="50% (1/2)" hits="1" missing-branches="64" number="63"/>
						<line hits="0" number="64"/>
						<line hits="1" number="66"/>
						<line hits="1" number="68"/>
						<line hits="1" number="69"/>
						<line hits="1" number="71"/>
						<line hits="1" number="72"/>
						<line hits="1" number="73"/>
						<line hits="1" number="75"/>
						<line hits="1" number="76"/>
						<line branch="true" condition-coverage="100% (2/2)" hits="1" number="77"/>
						<line hits="1" number="78"/>
						<line branch="true" condition-coverage="100% (2/2)" hits="1" number="79"/>
						<line hits="1" number="80"/>
						<line hits="1" number="82"/>
						<line hits="1" number="85"/>
						<line hits="1" number="90"/>
						<line hits="1" number="92"/>
						<line hits="1" number="95"/>
						<line branch="true" condition-coverage="100% (2/2)" hits="1" number="96"/>
						<line hits="1" number="97"/>
						<line branch="true" condition-coverage="50% (1/2)" hits="1" missing-branches="100" number="98"/>
						<line hits="1" number="99"/>
						<line branch="true" condition-coverage="0% (0/2)" hits="0" missing-branches="101,103" number="100"/>
						<line hits="0" number="101"/>
						<line hits="0" number="103"/>
						<line hits="1" number="105"/>
						<line hits="0" number="106"/>
						<line hits="1" number="108"/>
						<line branch="true" condition-coverage="50% (1/2)" hits="1" missing-branches="exit" number="109"/>
						<line branch="true" condition-coverage="100% (2/2)" hits="1" number="110"/>
						<line hits="1" number="111"/>
						<line hits="1" number="113"/>
						<line hits="1" number="114"/>
						<line hits="1" number="116"/>
						<line branch="true" condition-coverage="100% (2/2)" hits="1" number="117"/>
						<line hits="1" number="118"/>
						<line hits="1" number="120"/>
						<line hits="1" number="128"/>
						<line branch="true" condition-coverage="100% (2/2)" hits="1" number="132"/>
						<line branch="true" condition-coverage="100% (2/2)" hits="1" number="133"/>
						<line hits="1" number="134"/>
						<line branch="true" condition-coverage="100% (2/2)" hits="1" number="135"/>
						<line hits="1" number="136"/>
						<line branch="true" condition-coverage="100% (2/2)" hits="1" number="139"/>
						<line branch="true" condition-coverage="50% (1/2)" hits="1" missing-branches="141" number="140"/>
						<line hits="0" number="141"/>
						<line hits="1" number="143"/>
						<line branch="true" condition-coverage="100% (2/2)" hits="1" number="146"/>
						<line hits="1" number="147"/>
						<line branch="true" condition-coverage="100% (2/2)" hits="1" number="151"/>
						<line hits="1" number="152"/>
						<line branch="true" condition-coverage="100% (2/2)" hits="1" number="154"/>
						<line branch="true" condition-coverage="100% (2/2)" hits="1" number="155"/>
						<line branch="true" condition-coverage="100% (2/2)" hits="1" number="156"/>
						<line hits="1" number="158"/>
						<line hits="1" number="159"/>
						<line branch="true" condition-coverage="100% (2/2)" hits="1" number="160"/>
						<line branch="true" condition-coverage="100% (2/2)" hits="1" number="161"/>
						<line branch="true" condition-coverage="50% (1/2)" hits="1" missing-branches="161" number="162"/>
						<line hits="1" number="164"/>
						<line hits="1" number="165"/>
						<line hits="1" number="167"/>
						<line hits="1" number="172"/>
						<line hits="1" number="173"/>
						<line hits="1" number="176"/>
						<line hits="1" number="177"/>
						<line hits="1" number="178"/>
						<line branch="true" condition-coverage="100% (2/2)" hits="1" number="182"/>
						<line branch="true" condition-coverage="50% (1/2)" hits="1" missing-branches="185" number="183"/>
						<line hits="0" number="185"/>
						<line branch="true" condition-coverage="100% (2/2)" hits="1" number="187"/>
						<line hits="1" number="190"/>
						<line branch="true" condition-coverage="100% (2/2)" hits="1" number="194"/>
						<line branch="true" condition-coverage="100% (2/2)" hits="1" number="195"/>
						<line hits="1" number="196"/>
						<line branch="true" condition-coverage="50% (1/2)" hits="1" missing-branches="205" number="198"/>
						<line hits="1" number="199"/>
						<line branch="true" condition-coverage="100% (2/2)" hits="1" number="205"/>
						<line branch="true" condition-coverage="50% (1/2)" hits="1" missing-branches="207" number="206"/>
						<line hits="0" number="207"/>
						<line branch="true" condition-coverage="0% (0/2)" hits="0" missing-branches="209,224" number="208"/>
						<line hits="0" number="209"/>
						<line branch="true" condition-coverage="100% (2/2)" hits="1" number="214"/>
						<line hits="1" number="215"/>
						<line branch="true" condition-coverage="50% (1/2)" hits="1" missing-branches="218" number="217"/>
						<line hits="0" number="218"/>
						<line branch="true" condition-coverage="100% (2/2)" hits="1" number="224"/>
						<line hits="1" number="225"/>
						<line branch="true" condition-coverage="100% (2/2)" hits="1" number="226"/>
						<line hits="1" number="227"/>
						<line branch="true" condition-coverage="100% (2/2)" hits="1" number="231"/>
						<line hits="1" number="232"/>
						<line branch="true" condition-coverage="100% (2/2)" hits="1" number="238"/>
						<line hits="1" number="239"/>
						<line hits="1" number="240"/>
						<line hits="1" number="243"/>
						<line hits="1" number="248"/>
						<line hits="1" number="249"/>
						<line hits="1" number="250"/>
						<line hits="1" number="253"/>
						<line hits="1" number="258"/>
						<line hits="1" number="259"/>
						<line hits="1" number="260"/>
						<line hits="1" number="262"/>
						<line hits="1" number="263"/>
						<line hits="1" number="269"/>
						<line hits="1" number="298"/>
						<line hits="1" number="307"/>
						<line hits="1" number="309"/>
						<line hits="1" number="310"/>
						<line hits="1" number="315"/>
						<line hits="1" number="316"/>
						<line hits="1" number="318"/>
						<line hits="1" number="319"/>
						<line hits="1" number="320"/>
						<line hits="1" number="322"/>
						<line hits="0" number="323"/>
						<line hits="1" number="325"/>
						<line hits="0" number="327"/>
						<line hits="1" number="329"/>
						<line branch="true" condition-coverage="0% (0/2)" hits="0" missing-branches="332,334" number="331"/>
						<line hits="0" number="332"/>
						<line hits="0" number="334"/>
						<line hits="1" number="337"/>
						<line hits="1" number="338"/>
						<line hits="0" number="346"/>
						<line hits="0" number="347"/>
						<line hits="0" number="349"/>
						<line hits="1" number="353"/>
						<line hits="0" number="354"/>
						<line hits="1" number="356"/>
						<line hits="0" number="357"/>
						<line hits="0" number="358"/>
						<line hits="1" number="360"/>
						<line hits="0" number="361"/>
						<line hits="1" number="364"/>
						<line hits="1" number="365"/>
						<line hits="0" number="373"/>
						<line hits="0" number="374"/>
						<line hits="0" number="377"/>
						<line hits="1" number="381"/>
						<line hits="0" number="382"/>
						<line hits="1" number="384"/>
						<line hits="0" number="385"/>
						<line hits="0" number="386"/>
						<line hits="1" number="388"/>
						<line hits="0" number="389"/>
						<line hits="1" number="392"/>
						<line hits="1" number="397"/>
						<line branch="true" condition-coverage="0% (0/2)" hits="0" missing-branches="409,411" number="408"/>
						<line hits="0" number="409"/>
						<line hits="0" number="411"/>
						<line branch="true" condition-coverage="0% (0/2)" hits="0" missing-branches="414,416" number="413"/>
						<line hits="0" number="414"/>
						<line hits="0" number="416"/>
						<line branch="true" condition-coverage="0% (0/2)" hits="0" missing-branches="419,421" number="418"/>
						<line hits="0" number="419"/>
						<line hits="0" number="421"/>
						<line hits="0" number="422"/>
						<line hits="0" number="424"/>
						<line hits="1" number="428"/>
						<line hits="0" number="429"/>
						<line hits="1" number="431"/>
						<line hits="0" number="433"/>
						<line hits="0" number="435"/>
						<line hits="0" number="437"/>
						<line hits="1" number="439"/>
						<line hits="0" number="441"/>
						<line hits="0" number="443"/>
						<line hits="0" number="445"/>
					</lines>
				</class>
				<class branch-rate="0" complexity="0" filename="crnlab.py" line-rate="0.1758" name="crnlab.py">
					<methods/>
					<lines>
						<line hits="1" number="5"/>
						<line hits="1" number="6"/>
						<line hits="1" number="7"/>
						<line hits="1" number="8"/>
						<line hits="1" number="9"/>
						<line hits="1" number="10"/>
						<line hits="1" number="11"/>
						<line hits="1" number="13"/>
						<line hits="1" number="17"/>
						<line hits="0" number="18"/>
						<line hits="0" number="19"/>
						<line hits="0" number="20"/>
						<line hits="0" number="21"/>
						<line hits="0" number="22"/>
						<line hits="1" number="24"/>
						<line hits="0" number="30"/>
						<line branch="true" condition-coverage="0% (0/2)" hits="0" missing-branches="32,33" number="31"/>
						<line hits="0" number="32"/>
						<line branch="true" condition-coverage="0% (0/2)" hits="0" missing-branches="34,37" number="33"/>
						<line branch="true" condition-coverage="0% (0/2)" hits="0" missing-branches="35,36" number="34"/>
						<line hits="0" number="35"/>
						<line hits="0" number="36"/>
						<line hits="0" number="37"/>
						<line branch="true" condition-coverage="0% (0/2)" hits="0" missing-branches="39,41" number="38"/>
						<line branch="true" condition-coverage="0% (0/2)" hits="0" missing-branches="40,43" number="39"/>
						<line hits="0" number="40"/>
						<line branch="true" condition-coverage="0% (0/2)" hits="0" missing-branches="42,43" number="41"/>
						<line hits="0" number="42"/>
						<line branch="true" condition-coverage="0% (0/2)" hits="0" missing-branches="44,45" number="43"/>
						<line hits="0" number="44"/>
						<line branch="true" condition-coverage="0% (0/2)" hits="0" missing-branches="46,48" number="45"/>
						<line hits="0" number="46"/>
						<line branch="true" condition-coverage="0% (0/2)" hits="0" missing-branches="49,50" number="48"/>
						<line hits="0" number="49"/>
						<line branch="true" condition-coverage="0% (0/2)" hits="0" missing-branches="51,55" number="50"/>
						<line branch="true" condition-coverage="0% (0/2)" hits="0" missing-branches="52,53" number="51"/>
						<line hits="0" number="52"/>
						<line hits="0" number="53"/>
						<line hits="0" number="55"/>
						<line branch="true" condition-coverage="0% (0/2)" hits="0" missing-branches="57,61" number="56"/>
						<line branch="true" condition-coverage="0% (0/2)" hits="0" missing-branches="56,60" number="57"/>
						<line hits="0" number="60"/>
						<line hits="0" number="61"/>
						<line hits="0" number="62"/>
						<line hits="1" number="65"/>
						<line branch="true" condition-coverage="0% (0/2)" hits="0" missing-branches="69,70" number="68"/>
						<line hits="0" number="69"/>
						<line branch="true" condition-coverage="0% (0/2)" hits="0" missing-branches="71,72" number="70"/>
						<line hits="0" number="71"/>
						<line branch="true" condition-coverage="0% (0/2)" hits="0" missing-branches="73,82" number="72"/>
						<line branch="true" condition-coverage="0% (0/2)" hits="0" missing-branches="74,76" number="73"/>
						<line hits="0" number="74"/>
						<line branch="true" condition-coverage="0% (0/2)" hits="0" missing-branches="77,80" number="76"/>
						<line hits="0" number="77"/>
						<line hits="0" number="80"/>
						<line hits="0" number="82"/>
						<line hits="0" number="84"/>
						<line hits="1" number="86"/>
						<line hits="0" number="87"/>
						<line hits="0" number="88"/>
						<line hits="1" number="89"/>
						<line hits="0" number="90"/>
						<line branch="true" condition-coverage="0% (0/2)" hits="0" missing-branches="93,102" number="92"/>
						<line hits="0" number="93"/>
						<line branch="true" condition-coverage="0% (0/2)" hits="0" missing-branches="97,99" number="94"/>
						<line hits="0" number="97"/>
						<line hits="0" number="99"/>
						<line hits="0" number="100"/>
						<line hits="0" number="102"/>
						<line hits="1" number="103"/>
						<line hits="0" number="104"/>
						<line hits="0" number="105"/>
						<line hits="1" number="107"/>
						<line hits="0" number="108"/>
						<line branch="true" condition-coverage="0% (0/2)" hits="0" missing-branches="110,113" number="109"/>
						<line hits="0" number="110"/>
						<line hits="0" number="111"/>
						<line hits="0" number="113"/>
						<line branch="true" condition-coverage="0% (0/2)" hits="0" missing-branches="115,116" number="114"/>
						<line hits="0" number="115"/>
						<line hits="0" number="116"/>
						<line branch="true" condition-coverage="0% (0/2)" hits="0" missing-branches="118,119" number="117"/>
						<line hits="0" number="118"/>
						<line hits="0" number="119"/>
						<line hits="1" number="121"/>
						<line hits="0" number="122"/>
						<line branch="true" condition-coverage="0% (0/2)" hits="0" missing-branches="124,128" number="123"/>
						<line hits="0" number="124"/>
						<line hits="0" number="125"/>
						<line hits="0" number="126"/>
						<line hits="0" number="128"/>
					</lines>
				</class>
				<class branch-rate="0" complexity="0" filename="dcas9.py" line-rate="0.2759" name="dcas9.py">
					<methods/>
					<lines>
						<line hits="1" number="4"/>
						<line hits="1" number="5"/>
						<line hits="1" number="6"/>
						<line hits="1" number="9"/>
						<line hits="1" number="10"/>
						<line branch="true" condition-coverage="0% (0/2)" hits="0" missing-branches="13,14" number="12"/>
						<line hits="0" number="13"/>
						<line branch="true" condition-coverage="0% (0/2)" hits="0" missing-branches="15,16" number="14"/>
						<line hits="0" number="15"/>
						<line branch="true" condition-coverage="0% (0/2)" hits="0" missing-branches="17,19" number="16"/>
						<line hits="0" number="17"/>
						<line hits="0" number="19"/>
						<line hits="0" number="24"/>
						<line hits="0" number="30"/>
						<line hits="0" number="31"/>
						<line hits="1" number="33"/>
						<line hits="0" number="34"/>
						<line branch="true" condition-coverage="0% (0/2)" hits="0" missing-branches="37,41" number="36"/>
						<line hits="0" number="37"/>
						<line hits="0" number="41"/>
						<line hits="1" number="43"/>
						<line hits="0" number="44"/>
						<line hits="0" number="45"/>
						<line hits="0" number="47"/>
						<line hits="1" number="49"/>
						<line hits="0" number="50"/>
						<line hits="0" number="52"/>
						<line hits="0" number="54"/>
						<line hits="0" number="56"/>
					</lines>
				</class>
				<class branch-rate="0.5319" complexity="0" filename="dna_assembly.py" line-rate="0.5973" name="dna_assembly.py">
					<methods/>
					<lines>
						<line hits="1" number="4"/>
						<line hits="1" number="5"/>
						<line hits="1" number="6"/>
						<line hits="1" number="7"/>
						<line hits="1" number="8"/>
						<line hits="1" number="9"/>
						<line hits="1" number="11"/>
						<line hits="0" number="12"/>
						<line hits="1" number="15"/>
						<line hits="1" number="16"/>
						<line hits="1" number="19"/>
						<line hits="1" number="20"/>
						<line branch="true" condition-coverage="50% (1/2)" hits="1" missing-branches="23" number="21"/>
						<line hits="1" number="22"/>
						<line branch="true" condition-coverage="0% (0/2)" hits="0" missing-branches="24,26" number="23"/>
						<line hits="0" number="24"/>
						<line hits="0" number="26"/>
						<line hits="1" number="28"/>
						<line hits="1" number="31"/>
						<line hits="0" number="32"/>
						<line hits="0" number="33"/>
						<line hits="0" number="34"/>
						<line hits="0" number="36"/>
						<line hits="1" number="38"/>
						<line hits="0" number="39"/>
						<line hits="0" number="40"/>
						<line hits="0" number="43"/>
						<line hits="0" number="46"/>
						<line hits="1" number="48"/>
						<line hits="1" number="49"/>
						<line branch="true" condition-coverage="0% (0/2)" hits="0" missing-branches="54,56" number="53"/>
						<line hits="0" number="54"/>
						<line hits="0" number="56"/>
						<line branch="true" condition-coverage="0% (0/2)" hits="0" missing-branches="58,60" number="57"/>
						<line hits="0" number="58"/>
						<line hits="0" number="60"/>
						<line hits="0" number="62"/>
						<line hits="0" number="64"/>
						<line hits="1" number="69"/>
						<line hits="0" number="70"/>
						<line hits="0" number="71"/>
						<line hits="0" number="72"/>
						<line hits="0" number="73"/>
						<line branch="true" condition-coverage="0% (0/2)" hits="0" missing-branches="75,77" number="74"/>
						<line hits="0" number="75"/>
						<line branch="true" condition-coverage="0% (0/2)" hits="0" missing-branches="78,85" number="77"/>
						<line hits="0" number="78"/>
						<line hits="0" number="80"/>
						<line hits="0" number="81"/>
						<line hits="0" number="82"/>
						<line hits="0" number="83"/>
						<line hits="0" number="84"/>
						<line hits="0" number="85"/>
						<line hits="1" number="87"/>
						<line hits="0" number="88"/>
						<line hits="0" number="89"/>
						<line hits="0" number="90"/>
						<line branch="true" condition-coverage="0% (0/2)" hits="0" missing-branches="93,96" number="92"/>
						<line hits="0" number="93"/>
						<line branch="true" condition-coverage="0% (0/2)" hits="0" missing-branches="97,105" number="96"/>
						<line hits="0" number="97"/>
						<line hits="0" number="98"/>
						<line hits="0" number="100"/>
						<line hits="0" number="102"/>
						<line hits="0" number="105"/>
						<line hits="1" number="107"/>
						<line hits="1" number="108"/>
						<line branch="true" condition-coverage="100% (2/2)" hits="1" number="140"/>
						<line hits="1" number="142"/>
						<line hits="1" number="143"/>
						<line hits="1" number="144"/>
						<line branch="true" condition-coverage="100% (2/2)" hits="1" number="145"/>
						<line hits="1" number="146"/>
						<line hits="1" number="149"/>
						<line branch="true" condition-coverage="100% (2/2)" hits="1" number="151"/>
						<line hits="1" number="153"/>
						<line branch="true" condition-coverage="100% (2/2)" hits="1" number="154"/>
						<line branch="true" condition-coverage="100% (2/2)" hits="1" number="156"/>
						<line hits="1" number="157"/>
						<line branch="true" condition-coverage="50% (1/2)" hits="1" missing-branches="172" number="158"/>
						<line hits="1" number="160"/>
						<line branch="true" condition-coverage="100% (2/2)" hits="1" number="162"/>
						<line hits="1" number="163"/>
						<line branch="true" condition-coverage="100% (2/2)" hits="1" number="164"/>
						<line branch="true" condition-coverage="50% (1/2)" hits="1" missing-branches="166" number="165"/>
						<line hits="0" number="166"/>
						<line hits="1" number="168"/>
						<line hits="1" number="169"/>
						<line branch="true" condition-coverage="100% (2/2)" hits="1" number="170"/>
						<line hits="1" number="172"/>
						<line hits="1" number="174"/>
						<line hits="1" number="176"/>
						<line hits="1" number="180"/>
						<line hits="1" number="181"/>
						<line hits="1" number="182"/>
						<line hits="1" number="183"/>
						<line hits="1" number="185"/>
						<line hits="1" number="186"/>
						<line hits="1" number="188"/>
						<line hits="1" number="189"/>
						<line hits="1" number="190"/>
						<line hits="1" number="191"/>
						<line hits="1" number="192"/>
						<line branch="true" condition-coverage="50% (1/2)" hits="1" missing-branches="203" number="197"/>
						<line hits="1" number="199"/>
						<line branch="true" condition-coverage="100% (2/2)" hits="1" number="203"/>
						<line hits="1" number="204"/>
						<line branch="true" condition-coverage="100% (2/2)" hits="1" number="205"/>
						<line branch="true" condition-coverage="100% (2/2)" hits="1" number="206"/>
						<line hits="1" number="207"/>
						<line branch="true" condition-coverage="100% (3/3)" hits="1" number="208"/>
						<line hits="1" number="210"/>
						<line hits="1" number="212"/>
						<line hits="1" number="213"/>
						<line branch="true" condition-coverage="50% (1/2)" hits="1" missing-branches="203" number="220"/>
						<line hits="1" number="221"/>
						<line hits="1" number="223"/>
						<line hits="1" number="224"/>
						<line hits="1" number="225"/>
						<line hits="1" number="226"/>
						<line hits="1" number="228"/>
						<line hits="1" number="229"/>
						<line hits="1" number="230"/>
						<line hits="1" number="231"/>
						<line branch="true" condition-coverage="50% (1/2)" hits="1" missing-branches="238" number="233"/>
						<line hits="1" number="235"/>
						<line hits="1" number="238"/>
						<line branch="true" condition-coverage="100% (2/2)" hits="1" number="240"/>
						<line hits="1" number="242"/>
						<line branch="true" condition-coverage="50% (1/2)" hits="1" missing-branches="244" number="243"/>
						<line branch="true" condition-coverage="0% (0/2)" hits="0" missing-branches="246,248" number="244"/>
						<line hits="0" number="246"/>
						<line branch="true" condition-coverage="50% (1/2)" hits="1" missing-branches="266" number="248"/>
						<line branch="true" condition-coverage="100% (2/2)" hits="1" number="249"/>
						<line hits="1" number="250"/>
						<line branch="true" condition-coverage="100% (2/2)" hits="1" number="251"/>
						<line branch="true" condition-coverage="100% (2/2)" hits="1" number="253"/>
						<line hits="1" number="255"/>
						<line hits="1" number="258"/>
						<line branch="true" condition-coverage="50% (1/2)" hits="1" missing-branches="261" number="259"/>
						<line hits="0" number="261"/>
						<line hits="1" number="263"/>
						<line hits="1" number="264"/>
						<line branch="true" condition-coverage="100% (2/2)" hits="1" number="266"/>
						<line branch="true" condition-coverage="100% (2/2)" hits="1" number="267"/>
						<line hits="1" number="269"/>
						<line hits="1" number="270"/>
						<line hits="1" number="274"/>
						<line hits="1" number="277"/>
						<line hits="1" number="278"/>
						<line hits="0" number="281"/>
						<line hits="0" number="282"/>
						<line hits="0" number="284"/>
						<line branch="true" condition-coverage="0% (0/2)" hits="0" missing-branches="288,289" number="287"/>
						<line hits="0" number="288"/>
						<line branch="true" condition-coverage="0% (0/2)" hits="0" missing-branches="290,292" number="289"/>
						<line hits="0" number="290"/>
						<line hits="0" number="292"/>
						<line branch="true" condition-coverage="0% (0/2)" hits="0" missing-branches="295,297" number="294"/>
						<line hits="0" number="295"/>
						<line hits="0" number="297"/>
						<line hits="0" number="299"/>
						<line hits="1" number="302"/>
						<line hits="0" number="303"/>
						<line hits="0" number="304"/>
						<line hits="0" number="305"/>
						<line hits="0" number="306"/>
						<line hits="1" number="308"/>
						<line hits="0" number="309"/>
						<line hits="0" number="310"/>
						<line hits="0" number="312"/>
						<line hits="0" number="314"/>
						<line hits="1" number="317"/>
						<line hits="1" number="318"/>
						<line hits="1" number="322"/>
						<line hits="1" number="323"/>
						<line hits="1" number="324"/>
						<line hits="1" number="325"/>
						<line hits="1" number="326"/>
						<line hits="1" number="328"/>
						<line hits="1" number="333"/>
						<line hits="1" number="334"/>
						<line hits="1" number="335"/>
						<line hits="1" number="336"/>
						<line hits="1" number="337"/>
						<line hits="1" number="340"/>
						<line hits="1" number="344"/>
						<line hits="1" number="345"/>
						<line branch="true" condition-coverage="50% (1/2)" hits="1" missing-branches="exit" number="347"/>
						<line branch="true" condition-coverage="100% (2/2)" hits="1" number="348"/>
						<line hits="1" number="349"/>
						<line branch="true" condition-coverage="50% (1/2)" hits="1" missing-branches="351" number="350"/>
						<line hits="0" number="351"/>
						<line hits="1" number="354"/>
						<line branch="true" condition-coverage="50% (1/2)" hits="1" missing-branches="358" number="355"/>
						<line hits="1" number="356"/>
						<line hits="0" number="358"/>
						<line hits="1" number="361"/>
						<line branch="true" condition-coverage="100% (2/2)" hits="1" number="362"/>
						<line hits="1" number="363"/>
						<line hits="1" number="365"/>
						<line branch="true" condition-coverage="100% (2/2)" hits="1" number="367"/>
						<line hits="1" number="368"/>
						<line branch="true" condition-coverage="50% (1/2)" hits="1" missing-branches="370" number="369"/>
						<line hits="0" number="370"/>
						<line hits="1" number="372"/>
						<line branch="true" condition-coverage="100% (2/2)" hits="1" number="373"/>
						<line hits="1" number="374"/>
						<line hits="1" number="376"/>
						<line branch="true" condition-coverage="50% (1/2)" hits="1" missing-branches="379" number="378"/>
						<line hits="0" number="379"/>
						<line hits="1" number="381"/>
						<line branch="true" condition-coverage="50% (1/2)" hits="1" missing-branches="385" number="382"/>
						<line hits="1" number="383"/>
						<line branch="true" condition-coverage="50% (1/2)" hits="1" missing-branches="386" number="385"/>
						<line hits="0" number="386"/>
						<line branch="true" condition-coverage="50% (1/2)" hits="1" missing-branches="393" number="389"/>
						<line hits="1" number="390"/>
						<line hits="1" number="391"/>
						<line hits="1" number="392"/>
						<line branch="true" condition-coverage="0% (0/2)" hits="0" missing-branches="394,397" number="393"/>
						<line hits="0" number="394"/>
						<line branch="true" condition-coverage="50% (1/2)" hits="1" missing-branches="exit" number="397"/>
						<line hits="1" number="398"/>
						<line hits="1" number="402"/>
						<line branch="true" condition-coverage="50% (1/2)" hits="1" missing-branches="406" number="403"/>
						<line hits="1" number="404"/>
						<line branch="true" condition-coverage="50% (1/2)" hits="1" missing-branches="409" number="406"/>
						<line hits="1" number="407"/>
						<line branch="true" condition-coverage="50% (1/2)" hits="1" missing-branches="410" number="409"/>
						<line hits="0" number="410"/>
						<line branch="true" condition-coverage="50% (1/2)" hits="1" missing-branches="414" number="413"/>
						<line hits="0" number="414"/>
						<line hits="0" number="415"/>
						<line hits="0" number="416"/>
						<line hits="0" number="417"/>
						<line branch="true" condition-coverage="50% (1/2)" hits="1" missing-branches="419" number="418"/>
						<line hits="0" number="419"/>
						<line branch="true" condition-coverage="50% (1/2)" hits="1" missing-branches="424" number="423"/>
						<line hits="0" number="424"/>
						<line hits="1" number="427"/>
						<line hits="1" number="429"/>
						<line hits="1" number="431"/>
						<line hits="0" number="432"/>
						<line hits="0" number="433"/>
						<line branch="true" condition-coverage="0% (0/2)" hits="0" missing-branches="435,438" number="434"/>
						<line hits="0" number="435"/>
						<line hits="0" number="436"/>
						<line branch="true" condition-coverage="0% (0/2)" hits="0" missing-branches="439,441" number="438"/>
						<line hits="0" number="439"/>
						<line branch="true" condition-coverage="0% (0/2)" hits="0" missing-branches="442,446" number="441"/>
						<line hits="0" number="442"/>
						<line hits="0" number="443"/>
						<line hits="0" number="446"/>
						<line hits="1" number="448"/>
						<line hits="0" number="449"/>
						<line branch="true" condition-coverage="0% (0/2)" hits="0" missing-branches="451,454" number="450"/>
						<line hits="0" number="451"/>
						<line hits="0" number="452"/>
						<line branch="true" condition-coverage="0% (0/2)" hits="0" missing-branches="455,458" number="454"/>
						<line hits="0" number="455"/>
						<line hits="0" number="456"/>
						<line branch="true" condition-coverage="0% (0/2)" hits="0" missing-branches="459,464" number="458"/>
						<line hits="0" number="459"/>
						<line hits="0" number="462"/>
						<line hits="0" number="464"/>
						<line hits="1" number="466"/>
						<line hits="1" number="468"/>
						<line branch="true" condition-coverage="100% (2/2)" hits="1" number="472"/>
						<line hits="1" number="473"/>
						<line branch="true" condition-coverage="50% (1/2)" hits="1" missing-branches="478" number="477"/>
						<line hits="0" number="478"/>
						<line hits="1" number="482"/>
						<line hits="1" number="484"/>
						<line branch="true" condition-coverage="100% (2/2)" hits="1" number="488"/>
						<line hits="1" number="489"/>
						<line hits="1" number="490"/>
						<line hits="1" number="491"/>
						<line branch="true" condition-coverage="50% (1/2)" hits="1" missing-branches="494" number="493"/>
						<line hits="0" number="494"/>
						<line hits="0" number="495"/>
						<line hits="0" number="496"/>
						<line hits="1" number="499"/>
						<line hits="0" number="500"/>
						<line hits="1" number="502"/>
						<line hits="0" number="503"/>
						<line branch="true" condition-coverage="0% (0/2)" hits="0" missing-branches="505,507" number="504"/>
						<line hits="0" number="505"/>
						<line hits="0" number="506"/>
						<line branch="true" condition-coverage="0% (0/2)" hits="0" missing-branches="508,510" number="507"/>
						<line hits="0" number="508"/>
						<line hits="0" number="509"/>
						<line hits="0" number="510"/>
					</lines>
				</class>
				<class branch-rate="0" complexity="0" filename="extracts.py" line-rate="0.34" name="extracts.py">
					<methods/>
					<lines>
						<line hits="1" number="4"/>
						<line hits="1" number="5"/>
						<line hits="1" number="6"/>
						<line hits="1" number="7"/>
						<line hits="1" number="8"/>
						<line hits="1" number="11"/>
						<line hits="1" number="12"/>
						<line hits="0" number="14"/>
						<line hits="0" number="15"/>
						<line hits="0" number="17"/>
						<line hits="0" number="22"/>
						<line hits="0" number="23"/>
						<line hits="1" number="28"/>
						<line hits="1" number="29"/>
						<line hits="0" number="32"/>
						<line hits="0" number="33"/>
						<line hits="0" number="34"/>
						<line hits="0" number="36"/>
						<line branch="true" condition-coverage="0% (0/2)" hits="0" missing-branches="38,42" number="37"/>
						<line hits="0" number="38"/>
						<line hits="0" number="39"/>
						<line hits="0" number="40"/>
						<line hits="0" number="42"/>
						<line hits="0" number="43"/>
						<line hits="0" number="44"/>
						<line hits="0" number="47"/>
						<line hits="0" number="53"/>
						<line hits="0" number="54"/>
						<line hits="1" number="60"/>
						<line hits="1" number="61"/>
						<line branch="true" condition-coverage="0% (0/2)" hits="0" missing-branches="65,66" number="64"/>
						<line hits="0" number="65"/>
						<line branch="true" condition-coverage="0% (0/2)" hits="0" missing-branches="67,69" number="66"/>
						<line hits="0" number="67"/>
						<line hits="0" number="69"/>
						<line branch="true" condition-coverage="0% (0/2)" hits="0" missing-branches="72,73" number="71"/>
						<line hits="0" number="72"/>
						<line branch="true" condition-coverage="0% (0/2)" hits="0" missing-branches="74,76" number="73"/>
						<line hits="0" number="74"/>
						<line hits="0" number="76"/>
						<line hits="0" number="78"/>
						<line hits="0" number="79"/>
						<line hits="0" number="80"/>
						<line hits="0" number="92"/>
						<line hits="1" number="97"/>
						<line hits="1" number="98"/>
						<line hits="1" number="102"/>
						<line hits="1" number="103"/>
						<line hits="1" number="107"/>
						<line hits="1" number="108"/>
					</lines>
				</class>
				<class branch-rate="0" complexity="0" filename="global_mechanism.py" line-rate="0.2537" name="global_mechanism.py">
					<methods/>
					<lines>
						<line hits="1" number="4"/>
						<line hits="1" number="6"/>
						<line hits="1" number="7"/>
						<line hits="1" number="65"/>
						<line hits="1" number="66"/>
						<line hits="0" number="68"/>
						<line hits="0" number="69"/>
						<line hits="0" number="70"/>
						<line hits="1" number="72"/>
						<line hits="0" number="78"/>
						<line hits="0" number="79"/>
						<line branch="true" condition-coverage="0% (0/2)" hits="0" missing-branches="82,91" number="81"/>
						<line branch="true" condition-coverage="0% (0/2)" hits="0" missing-branches="81,83" number="82"/>
						<line branch="true" condition-coverage="0% (0/2)" hits="0" missing-branches="84,85" number="83"/>
						<line hits="0" number="84"/>
						<line branch="true" condition-coverage="0% (0/2)" hits="0" missing-branches="81,86" number="85"/>
						<line hits="0" number="86"/>
						<line branch="true" condition-coverage="0% (0/2)" hits="0" missing-branches="92,94" number="91"/>
						<line hits="0" number="92"/>
						<line hits="0" number="94"/>
						<line hits="1" number="96"/>
						<line hits="0" number="97"/>
						<line branch="true" condition-coverage="0% (0/2)" hits="0" missing-branches="99,102" number="98"/>
						<line hits="0" number="99"/>
						<line branch="true" condition-coverage="0% (0/2)" hits="0" missing-branches="98,101" number="100"/>
						<line hits="0" number="101"/>
						<line hits="0" number="102"/>
						<line hits="1" number="104"/>
						<line hits="0" number="105"/>
						<line hits="0" number="106"/>
						<line branch="true" condition-coverage="0% (0/2)" hits="0" missing-branches="108,112" number="107"/>
						<line hits="0" number="108"/>
						<line branch="true" condition-coverage="0% (0/2)" hits="0" missing-branches="107,110" number="109"/>
						<line hits="0" number="110"/>
						<line hits="0" number="112"/>
						<line hits="1" number="114"/>
						<line hits="0" number="121"/>
						<line hits="1" number="123"/>
						<line hits="0" number="130"/>
						<line hits="1" number="132"/>
						<line branch="true" condition-coverage="0% (0/2)" hits="0" missing-branches="134,135" number="133"/>
						<line hits="0" number="134"/>
						<line branch="true" condition-coverage="0% (0/2)" hits="0" missing-branches="136,137" number="135"/>
						<line hits="0" number="136"/>
						<line branch="true" condition-coverage="0% (0/2)" hits="0" missing-branches="138,139" number="137"/>
						<line hits="0" number="138"/>
						<line branch="true" condition-coverage="0% (0/2)" hits="0" missing-branches="140,141" number="139"/>
						<line hits="0" number="140"/>
						<line branch="true" condition-coverage="0% (0/2)" hits="0" missing-branches="142,143" number="141"/>
						<line hits="0" number="142"/>
						<line branch="true" condition-coverage="0% (0/2)" hits="0" missing-branches="144,146" number="143"/>
						<line hits="0" number="144"/>
						<line hits="0" number="146"/>
						<line hits="1" number="149"/>
						<line hits="1" number="150"/>
						<line hits="0" number="153"/>
						<line hits="1" number="158"/>
						<line hits="0" number="159"/>
						<line hits="0" number="160"/>
						<line hits="0" number="161"/>
						<line hits="1" number="167"/>
						<line hits="1" number="172"/>
						<line hits="0" number="175"/>
						<line hits="1" number="180"/>
						<line hits="0" number="181"/>
						<line hits="0" number="182"/>
						<line hits="0" number="183"/>
					</lines>
				</class>
				<class branch-rate="0.2366" complexity="0" filename="mechanism.py" line-rate="0.4057" name="mechanism.py">
					<methods/>
					<lines>
						<line hits="1" number="29"/>
						<line hits="1" number="30"/>
						<line hits="1" number="31"/>
						<line hits="1" number="32"/>
						<line hits="1" number="34"/>
						<line hits="1" number="44"/>
						<line hits="1" number="45"/>
						<line hits="1" number="46"/>
						<line branch="true" condition-coverage="100% (2/2)" hits="1" number="47"/>
						<line hits="1" number="48"/>
						<line hits="1" number="51"/>
						<line hits="1" number="56"/>
						<line hits="1" number="57"/>
						<line hits="1" number="59"/>
						<line hits="1" number="64"/>
						<line hits="1" number="65"/>
						<line hits="1" number="67"/>
						<line hits="1" number="68"/>
						<line hits="1" number="71"/>
						<line hits="1" number="77"/>
						<line branch="true" condition-coverage="50% (1/2)" hits="1" missing-branches="81" number="78"/>
						<line hits="1" number="79"/>
						<line hits="0" number="81"/>
						<line hits="1" number="84"/>
						<line hits="1" number="86"/>
						<line hits="0" number="87"/>
						<line hits="0" number="88"/>
						<line hits="1" number="90"/>
						<line branch="true" condition-coverage="0% (0/2)" hits="0" missing-branches="94,96" number="93"/>
						<line hits="0" number="94"/>
						<line branch="true" condition-coverage="0% (0/2)" hits="0" missing-branches="97,98" number="96"/>
						<line hits="0" number="97"/>
						<line branch="true" condition-coverage="0% (0/2)" hits="0" missing-branches="99,100" number="98"/>
						<line hits="0" number="99"/>
						<line branch="true" condition-coverage="0% (0/2)" hits="0" missing-branches="101,102" number="100"/>
						<line hits="0" number="101"/>
						<line branch="true" condition-coverage="0% (0/2)" hits="0" missing-branches="103,105" number="102"/>
						<line hits="0" number="103"/>
						<line branch="true" condition-coverage="0% (0/2)" hits="0" missing-branches="106,109" number="105"/>
						<line hits="0" number="106"/>
						<line hits="0" number="109"/>
						<line branch="true" condition-coverage="0% (0/2)" hits="0" missing-branches="113,117" number="111"/>
						<line hits="0" number="113"/>
						<line hits="0" number="117"/>
						<line hits="0" number="119"/>
						<line hits="1" number="122"/>
						<line hits="1" number="126"/>
						<line branch="true" condition-coverage="50% (1/2)" hits="1" missing-branches="130" number="127"/>
						<line hits="1" number="128"/>
						<line hits="0" number="130"/>
						<line hits="1" number="133"/>
						<line hits="1" number="135"/>
						<line hits="1" number="136"/>
						<line hits="1" number="137"/>
						<line hits="1" number="139"/>
						<line branch="true" condition-coverage="50% (1/2)" hits="1" missing-branches="145" number="141"/>
						<line hits="1" number="142"/>
						<line branch="true" condition-coverage="50% (1/2)" hits="1" missing-branches="146" number="145"/>
						<line hits="0" number="146"/>
						<line branch="true" condition-coverage="50% (1/2)" hits="1" missing-branches="149" number="148"/>
						<line hits="0" number="149"/>
						<line branch="true" condition-coverage="50% (1/2)" hits="1" missing-branches="151" number="150"/>
						<line hits="0" number="151"/>
						<line branch="true" condition-coverage="50% (1/2)" hits="1" missing-branches="153" number="152"/>
						<line hits="0" number="153"/>
						<line branch="true" condition-coverage="50% (1/2)" hits="1" missing-branches="155" number="154"/>
						<line hits="0" number="155"/>
						<line hits="1" number="157"/>
						<line hits="1" number="161"/>
						<line hits="1" number="164"/>
						<line hits="1" number="167"/>
						<line hits="1" number="172"/>
						<line branch="true" condition-coverage="50% (1/2)" hits="1" missing-branches="174" number="173"/>
						<line hits="0" number="174"/>
						<line branch="true" condition-coverage="50% (1/2)" hits="1" missing-branches="177" number="175"/>
						<line hits="1" number="176"/>
						<line branch="true" condition-coverage="0% (0/2)" hits="0" missing-branches="178,180" number="177"/>
						<line hits="0" number="178"/>
						<line hits="0" number="180"/>
						<line hits="1" number="184"/>
						<line hits="1" number="187"/>
						<line hits="1" number="189"/>
						<line branch="true" condition-coverage="50% (1/2)" hits="1" missing-branches="193" number="190"/>
						<line hits="1" number="191"/>
						<line hits="1" number="193"/>
						<line branch="true" condition-coverage="50% (1/2)" hits="1" missing-branches="195" number="194"/>
						<line hits="0" number="195"/>
						<line hits="1" number="197"/>
						<line hits="1" number="199"/>
						<line hits="1" number="201"/>
						<line branch="true" condition-coverage="50% (1/2)" hits="1" missing-branches="206" number="205"/>
						<line hits="0" number="206"/>
						<line hits="1" number="208"/>
						<line hits="1" number="209"/>
						<line hits="1" number="210"/>
						<line hits="1" number="212"/>
						<line branch="true" condition-coverage="50% (1/2)" hits="1" missing-branches="214" number="213"/>
						<line hits="0" number="214"/>
						<line hits="1" number="215"/>
						<line hits="1" number="219"/>
						<line hits="1" number="222"/>
						<line hits="1" number="227"/>
						<line branch="true" condition-coverage="50% (1/2)" hits="1" missing-branches="229" number="228"/>
						<line hits="0" number="229"/>
						<line branch="true" condition-coverage="50% (1/2)" hits="1" missing-branches="232" number="230"/>
						<line hits="1" number="231"/>
						<line branch="true" condition-coverage="0% (0/2)" hits="0" missing-branches="233,235" number="232"/>
						<line hits="0" number="233"/>
						<line hits="0" number="235"/>
						<line hits="1" number="238"/>
						<line hits="1" number="242"/>
						<line hits="0" number="244"/>
						<line branch="true" condition-coverage="0% (0/2)" hits="0" missing-branches="246,247" number="245"/>
						<line hits="0" number="246"/>
						<line branch="true" condition-coverage="0% (0/2)" hits="0" missing-branches="248,249" number="247"/>
						<line hits="0" number="248"/>
						<line hits="0" number="249"/>
						<line hits="0" number="251"/>
						<line hits="0" number="253"/>
						<line hits="1" number="255"/>
						<line hits="0" number="257"/>
						<line branch="true" condition-coverage="0% (0/2)" hits="0" missing-branches="261,263" number="260"/>
						<line hits="0" number="261"/>
						<line hits="0" number="263"/>
						<line hits="0" number="264"/>
						<line hits="0" number="265"/>
						<line branch="true" condition-coverage="0% (0/2)" hits="0" missing-branches="268,269" number="267"/>
						<line hits="0" number="268"/>
						<line hits="0" number="269"/>
						<line hits="0" number="273"/>
						<line hits="1" number="276"/>
						<line hits="1" number="280"/>
						<line branch="true" condition-coverage="50% (1/2)" hits="1" missing-branches="283" number="282"/>
						<line hits="0" number="283"/>
						<line branch="true" condition-coverage="50% (1/2)" hits="1" missing-branches="287" number="284"/>
						<line hits="1" number="285"/>
						<line hits="0" number="287"/>
						<line hits="1" number="289"/>
						<line hits="1" number="292"/>
						<line hits="0" number="293"/>
						<line branch="true" condition-coverage="0% (0/2)" hits="0" missing-branches="295,296" number="294"/>
						<line hits="0" number="295"/>
						<line hits="0" number="296"/>
						<line hits="0" number="297"/>
						<line hits="1" number="299"/>
						<line branch="true" condition-coverage="0% (0/2)" hits="0" missing-branches="303,305" number="302"/>
						<line hits="0" number="303"/>
						<line hits="0" number="305"/>
						<line hits="0" number="306"/>
						<line hits="0" number="307"/>
						<line hits="0" number="309"/>
						<line hits="0" number="310"/>
						<line hits="0" number="311"/>
						<line hits="1" number="314"/>
						<line hits="1" number="315"/>
						<line hits="0" number="317"/>
						<line hits="1" number="319"/>
						<line hits="0" number="320"/>
						<line hits="0" number="321"/>
						<line hits="1" number="323"/>
						<line branch="true" condition-coverage="0% (0/2)" hits="0" missing-branches="328,329" number="327"/>
						<line hits="0" number="328"/>
						<line branch="true" condition-coverage="0% (0/2)" hits="0" missing-branches="330,331" number="329"/>
						<line hits="0" number="330"/>
						<line branch="true" condition-coverage="0% (0/2)" hits="0" missing-branches="332,333" number="331"/>
						<line hits="0" number="332"/>
[...]
						<line branch="true" condition-coverage="0% (0/2)" hits="0" missing-branches="184,192" number="191"/>
						<line hits="0" number="192"/>
						<line hits="0" number="193"/>
						<line hits="0" number="194"/>
						<line hits="1" number="195"/>
						<line hits="1" number="197"/>
						<line branch="true" condition-coverage="100% (2/2)" hits="1" number="198"/>
						<line hits="1" number="200"/>
						<line hits="1" number="206"/>
						<line branch="true" condition-coverage="100% (2/2)" hits="1" number="207"/>
						<line hits="1" number="208"/>
						<line branch="true" condition-coverage="50% (1/2)" hits="1" missing-branches="212" number="211"/>
						<line hits="0" number="212"/>
						<line hits="1" number="217"/>
						<line hits="1" number="219"/>
						<line branch="true" condition-coverage="100% (2/2)" hits="1" number="226"/>
						<line hits="1" number="227"/>
						<line hits="1" number="231"/>
						<line branch="true" condition-coverage="100% (2/2)" hits="1" number="232"/>
						<line branch="true" condition-coverage="50% (1/2)" hits="1" missing-branches="236" number="233"/>
						<line hits="1" number="234"/>
						<line hits="1" number="236"/>
						<line branch="true" condition-coverage="50% (1/2)" hits="1" missing-branches="240" number="239"/>
						<line hits="0" number="240"/>
						<line hits="1" number="242"/>
						<line hits="1" number="244"/>
						<line hits="1" number="248"/>
						<line hits="1" number="250"/>
						<line hits="1" number="251"/>
						<line hits="1" number="252"/>
						<line hits="1" number="253"/>
						<line hits="1" number="255"/>
						<line hits="1" number="257"/>
						<line hits="0" number="258"/>
						<line hits="1" number="260"/>
						<line hits="0" number="261"/>
						<line hits="0" number="262"/>
						<line branch="true" condition-coverage="0% (0/2)" hits="0" missing-branches="264,265" number="263"/>
						<line hits="0" number="264"/>
						<line hits="0" number="265"/>
						<line branch="true" condition-coverage="0% (0/2)" hits="0" missing-branches="267,268" number="266"/>
						<line hits="0" number="267"/>
						<line hits="0" number="268"/>
						<line branch="true" condition-coverage="0% (0/2)" hits="0" missing-branches="270,271" number="269"/>
						<line hits="0" number="270"/>
						<line hits="0" number="271"/>
						<line hits="0" number="272"/>
					</lines>
				</class>
				<class branch-rate="0.5238" complexity="0" filename="parameter.py" line-rate="0.6531" name="parameter.py">
					<methods/>
					<lines>
						<line hits="1" number="10"/>
						<line hits="1" number="81"/>
						<line hits="1" number="82"/>
						<line hits="1" number="83"/>
						<line hits="1" number="86"/>
						<line hits="1" number="89"/>
						<line hits="1" number="90"/>
						<line hits="1" number="92"/>
						<line hits="1" number="93"/>
						<line hits="1" number="94"/>
						<line branch="true" condition-coverage="50% (1/2)" hits="1" missing-branches="98" number="97"/>
						<line hits="0" number="98"/>
						<line branch="true" condition-coverage="50% (1/2)" hits="1" missing-branches="100" number="99"/>
						<line hits="0" number="100"/>
						<line branch="true" condition-coverage="50% (1/2)" hits="1" missing-branches="102" number="101"/>
						<line hits="0" number="102"/>
						<line hits="1" number="104"/>
						<line hits="1" number="106"/>
						<line hits="1" number="107"/>
						<line hits="1" number="114"/>
						<line hits="1" number="115"/>
						<line hits="1" number="117"/>
						<line branch="true" condition-coverage="100% (2/2)" hits="1" number="118"/>
						<line hits="1" number="120"/>
						<line branch="true" condition-coverage="100% (2/2)" hits="1" number="121"/>
						<line hits="1" number="122"/>
						<line hits="1" number="123"/>
						<line hits="1" number="125"/>
						<line hits="1" number="126"/>
						<line hits="1" number="129"/>
						<line hits="1" number="131"/>
						<line hits="1" number="133"/>
						<line hits="1" number="134"/>
						<line hits="1" number="139"/>
						<line hits="1" number="140"/>
						<line hits="1" number="143"/>
						<line hits="1" number="144"/>
						<line hits="1" number="146"/>
						<line hits="1" number="152"/>
						<line branch="true" condition-coverage="50% (1/2)" hits="1" missing-branches="155" number="154"/>
						<line hits="0" number="155"/>
						<line hits="0" number="156"/>
						<line branch="true" condition-coverage="50% (1/2)" hits="1" missing-branches="158" number="157"/>
						<line hits="0" number="158"/>
						<line hits="1" number="160"/>
						<line branch="true" condition-coverage="50% (1/2)" hits="1" missing-branches="163" number="162"/>
						<line hits="0" number="163"/>
						<line hits="1" number="165"/>
						<line branch="true" condition-coverage="100% (2/2)" hits="1" number="167"/>
						<line hits="1" number="169"/>
						<line branch="true" condition-coverage="50% (1/2)" hits="1" missing-branches="172" number="171"/>
						<line hits="0" number="172"/>
						<line branch="true" condition-coverage="50% (1/2)" hits="1" missing-branches="174" number="173"/>
						<line hits="0" number="174"/>
						<line hits="0" number="175"/>
						<line branch="true" condition-coverage="50% (1/2)" hits="1" missing-branches="177" number="176"/>
						<line branch="true" condition-coverage="0% (0/2)" hits="0" missing-branches="178,182" number="177"/>
						<line hits="0" number="178"/>
						<line hits="0" number="179"/>
						<line hits="0" number="180"/>
						<line hits="0" number="182"/>
						<line hits="0" number="183"/>
						<line branch="true" condition-coverage="50% (1/2)" hits="1" missing-branches="185" number="184"/>
						<line branch="true" condition-coverage="0% (0/2)" hits="0" missing-branches="186,190" number="185"/>
						<line hits="0" number="186"/>
						<line hits="0" number="187"/>
						<line hits="0" number="188"/>
						<line hits="0" number="190"/>
						<line hits="0" number="191"/>
						<line branch="true" condition-coverage="50% (1/2)" hits="1" missing-branches="204" number="193"/>
						<line branch="true" condition-coverage="50% (1/2)" hits="1" missing-branches="200" number="194"/>
						<line hits="1" number="195"/>
						<line hits="1" number="196"/>
						<line hits="1" number="197"/>
						<line hits="1" number="198"/>
						<line hits="0" number="200"/>
						<line hits="0" number="201"/>
						<line hits="0" number="202"/>
						<line branch="true" condition-coverage="0% (0/2)" hits="0" missing-branches="205,209" number="204"/>
						<line hits="0" number="205"/>
						<line hits="0" number="206"/>
						<line hits="0" number="207"/>
						<line hits="0" number="209"/>
						<line hits="0" number="210"/>
						<line hits="1" number="211"/>
						<line hits="1" number="213"/>
						<line hits="1" number="214"/>
						<line branch="true" condition-coverage="100% (2/2)" hits="1" number="223"/>
						<line hits="1" number="224"/>
						<line hits="1" number="226"/>
						<line hits="1" number="227"/>
						<line branch="true" condition-coverage="50% (1/2)" hits="1" missing-branches="230" number="229"/>
						<line hits="0" number="230"/>
						<line hits="1" number="232"/>
						<line branch="true" condition-coverage="50% (1/2)" hits="1" missing-branches="238" number="234"/>
						<line hits="1" number="235"/>
						<line hits="0" number="236"/>
						<line hits="0" number="238"/>
					</lines>
				</class>
				<class branch-rate="1" complexity="0" filename="pathutil.py" line-rate="0" name="pathutil.py">
					<methods/>
					<lines>
						<line hits="0" number="10"/>
						<line hits="0" number="13"/>
						<line hits="0" number="19"/>
						<line hits="0" number="20"/>
						<line hits="0" number="21"/>
						<line hits="0" number="23"/>
						<line hits="0" number="25"/>
						<line hits="0" number="28"/>
						<line hits="0" number="29"/>
						<line hits="0" number="30"/>
						<line hits="0" number="31"/>
					</lines>
				</class>
				<class branch-rate="0.4333" complexity="0" filename="sbmlutil.py" line-rate="0.5904" name="sbmlutil.py">
					<methods/>
					<lines>
						<line hits="1" number="7"/>
						<line hits="1" number="8"/>
						<line hits="1" number="11"/>
						<line hits="1" number="15"/>
						<line hits="1" number="17"/>
						<line hits="1" number="18"/>
						<line hits="1" number="21"/>
						<line hits="1" number="22"/>
						<line hits="1" number="23"/>
						<line hits="1" number="24"/>
						<line hits="1" number="25"/>
						<line hits="1" number="26"/>
						<line hits="1" number="27"/>
						<line hits="1" number="30"/>
						<line hits="1" number="31"/>
						<line hits="1" number="32"/>
						<line hits="1" number="33"/>
						<line hits="1" number="34"/>
						<line hits="1" number="35"/>
						<line hits="1" number="38"/>
						<line hits="1" number="39"/>
						<line hits="1" number="40"/>
						<line hits="1" number="41"/>
						<line hits="1" number="42"/>
						<line hits="1" number="45"/>
						<line hits="1" number="49"/>
						<line hits="1" number="52"/>
						<line branch="true" condition-coverage="50% (1/2)" hits="1" missing-branches="55" number="53"/>
						<line hits="1" number="54"/>
						<line hits="1" number="55"/>
						<line hits="1" number="56"/>
						<line hits="1" number="57"/>
						<line hits="1" number="62"/>
						<line hits="1" number="63"/>
						<line hits="1" number="66"/>
						<line hits="1" number="69"/>
						<line hits="1" number="71"/>
						<line hits="1" number="72"/>
						<line hits="1" number="73"/>
						<line hits="1" number="74"/>
						<line hits="1" number="75"/>
						<line hits="1" number="76"/>
						<line hits="1" number="77"/>
						<line hits="1" number="78"/>
						<line branch="true" condition-coverage="50% (1/2)" hits="1" missing-branches="80" number="79"/>
						<line hits="0" number="80"/>
						<line hits="1" number="81"/>
						<line hits="1" number="83"/>
						<line hits="1" number="87"/>
						<line hits="0" number="88"/>
						<line hits="0" number="91"/>
						<line branch="true" condition-coverage="0% (0/2)" hits="0" missing-branches="93,100" number="92"/>
						<line hits="0" number="93"/>
						<line hits="0" number="94"/>
						<line hits="0" number="95"/>
						<line hits="0" number="96"/>
						<line hits="0" number="97"/>
						<line hits="0" number="100"/>
						<line hits="0" number="103"/>
						<line hits="0" number="104"/>
						<line hits="0" number="106"/>
						<line hits="1" number="110"/>
						<line hits="0" number="111"/>
						<line hits="0" number="112"/>
						<line hits="1" number="118"/>
						<line hits="1" number="124"/>
						<line hits="1" number="125"/>
						<line hits="1" number="126"/>
						<line hits="1" number="127"/>
						<line hits="1" number="128"/>
						<line hits="1" number="129"/>
						<line hits="1" number="130"/>
						<line hits="1" number="131"/>
						<line branch="true" condition-coverage="50% (1/2)" hits="1" missing-branches="158" number="135"/>
						<line branch="true" condition-coverage="50% (1/2)" hits="1" missing-branches="139" number="136"/>
						<line hits="1" number="137"/>
						<line hits="1" number="139"/>
						<line hits="1" number="141"/>
						<line hits="1" number="142"/>
						<line hits="1" number="143"/>
						<line branch="true" condition-coverage="50% (1/2)" hits="1" missing-branches="147" number="144"/>
						<line hits="1" number="145"/>
						<line hits="1" number="146"/>
						<line branch="true" condition-coverage="0% (0/2)" hits="0" missing-branches="148,150" number="147"/>
						<line hits="0" number="148"/>
						<line hits="0" number="149"/>
						<line branch="true" condition-coverage="0% (0/2)" hits="0" missing-branches="151,153" number="150"/>
						<line hits="0" number="151"/>
						<line hits="0" number="153"/>
						<line hits="1" number="155"/>
						<line branch="true" condition-coverage="0% (0/2)" hits="0" missing-branches="159,187" number="158"/>
						<line branch="true" condition-coverage="0% (0/2)" hits="0" missing-branches="160,164" number="159"/>
						<line hits="0" number="160"/>
						<line hits="0" number="164"/>
						<line hits="0" number="165"/>
						<line hits="0" number="166"/>
						<line hits="0" number="167"/>
						<line hits="0" number="168"/>
						<line hits="0" number="170"/>
						<line hits="0" number="171"/>
						<line hits="0" number="172"/>
						<line hits="0" number="173"/>
						<line hits="0" number="175"/>
						<line hits="0" number="176"/>
						<line hits="0" number="177"/>
						<line hits="0" number="178"/>
						<line hits="0" number="180"/>
						<line hits="0" number="182"/>
						<line hits="0" number="183"/>
						<line hits="0" number="184"/>
						<line hits="0" number="187"/>
						<line hits="0" number="190"/>
						<line branch="true" condition-coverage="100% (2/2)" hits="1" number="193"/>
						<line hits="1" number="194"/>
						<line hits="1" number="195"/>
						<line hits="1" number="199"/>
						<line hits="1" number="200"/>
						<line hits="1" number="201"/>
						<line hits="1" number="202"/>
						<line hits="1" number="203"/>
						<line branch="true" condition-coverage="50% (1/2)" hits="1" missing-branches="207" number="206"/>
						<line branch="true" condition-coverage="0% (0/2)" hits="0" missing-branches="193,208" number="207"/>
						<line branch="true" condition-coverage="0% (0/2)" hits="0" missing-branches="209,211" number="208"/>
						<line hits="0" number="209"/>
						<line hits="0" number="211"/>
						<line branch="true" condition-coverage="50% (1/2)" hits="1" missing-branches="193" number="213"/>
						<line branch="true" condition-coverage="50% (1/2)" hits="1" missing-branches="215" number="214"/>
						<line hits="0" number="215"/>
						<line hits="1" number="217"/>
						<line branch="true" condition-coverage="50% (1/2)" hits="1" missing-branches="221" number="220"/>
						<line branch="true" condition-coverage="0% (0/2)" hits="0" missing-branches="222,226" number="221"/>
						<line hits="0" number="222"/>
						<line hits="0" number="226"/>
						<line hits="0" number="227"/>
						<line hits="0" number="229"/>
						<line hits="0" number="231"/>
						<line branch="true" condition-coverage="50% (1/2)" hits="1" missing-branches="234" number="233"/>
						<line branch="true" condition-coverage="0% (0/2)" hits="0" missing-branches="235,238" number="234"/>
						<line hits="0" number="235"/>
						<line hits="0" number="238"/>
						<line hits="0" number="239"/>
						<line hits="0" number="241"/>
						<line hits="0" number="243"/>
						<line branch="true" condition-coverage="50% (1/2)" hits="1" missing-branches="246" number="245"/>
						<line branch="true" condition-coverage="0% (0/2)" hits="0" missing-branches="247,252" number="246"/>
						<line hits="0" number="247"/>
						<line hits="0" number="252"/>
						<line hits="0" number="253"/>
						<line hits="0" number="254"/>
						<line hits="0" number="255"/>
						<line hits="0" number="257"/>
						<line hits="0" number="259"/>
						<line hits="0" number="260"/>
						<line branch="true" condition-coverage="50% (1/2)" hits="1" missing-branches="263" number="262"/>
						<line branch="true" condition-coverage="0% (0/2)" hits="0" missing-branches="264,269" number="263"/>
						<line hits="0" number="264"/>
						<line hits="0" number="269"/>
						<line hits="0" number="270"/>
						<line hits="0" number="271"/>
						<line hits="0" number="272"/>
						<line hits="0" number="274"/>
						<line hits="0" number="276"/>
						<line hits="0" number="277"/>
						<line hits="1" number="279"/>
						<line branch="true" condition-coverage="100% (2/2)" hits="1" number="284"/>
						<line hits="1" number="285"/>
						<line hits="1" number="286"/>
						<line hits="1" number="287"/>
						<line hits="1" number="288"/>
						<line hits="1" number="289"/>
						<line hits="1" number="290"/>
						<line hits="1" number="291"/>
						<line hits="1" number="294"/>
						<line hits="1" number="295"/>
						<line branch="true" condition-coverage="50% (1/2)" hits="1" missing-branches="303" number="296"/>
						<line hits="1" number="297"/>
						<line branch="true" condition-coverage="100% (2/2)" hits="1" number="298"/>
						<line hits="1" number="299"/>
						<line hits="1" number="300"/>
						<line hits="1" number="301"/>
						<line hits="1" number="303"/>
						<line hits="1" number="352"/>
						<line hits="1" number="353"/>
						<line hits="1" number="354"/>
						<line hits="1" number="359"/>
						<line hits="1" number="360"/>
						<line hits="1" number="362"/>
						<line hits="1" number="364"/>
						<line hits="1" number="369"/>
						<line branch="true" condition-coverage="0% (0/2)" hits="0" missing-branches="373,376" number="371"/>
						<line hits="0" number="373"/>
						<line branch="true" condition-coverage="0% (0/2)" hits="0" missing-branches="378,381" number="376"/>
						<line hits="0" number="378"/>
						<line hits="0" number="381"/>
						<line hits="0" number="384"/>
						<line hits="0" number="387"/>
						<line hits="0" number="389"/>
						<line hits="1" number="391"/>
						<line hits="1" number="392"/>
						<line hits="1" number="393"/>
						<line hits="1" number="394"/>
						<line branch="true" condition-coverage="50% (1/2)" hits="1" missing-branches="397" number="396"/>
						<line hits="0" number="397"/>
						<line branch="true" condition-coverage="50% (1/2)" hits="1" missing-branches="399" number="398"/>
						<line hits="0" number="399"/>
						<line branch="true" condition-coverage="100% (2/2)" hits="1" number="400"/>
						<line branch="true" condition-coverage="100% (2/2)" hits="1" number="401"/>
						<line hits="1" number="404"/>
						<line hits="1" number="406"/>
						<line hits="1" number="407"/>
						<line branch="true" condition-coverage="50% (1/2)" hits="1" missing-branches="411" number="408"/>
						<line hits="1" number="409"/>
						<line hits="0" number="411"/>
						<line hits="1" number="417"/>
						<line hits="1" number="418"/>
						<line hits="1" number="419"/>
						<line hits="1" number="420"/>
						<line branch="true" condition-coverage="50% (1/2)" hits="1" missing-branches="422" number="421"/>
						<line hits="0" number="422"/>
						<line hits="0" number="423"/>
						<line hits="1" number="424"/>
						<line hits="1" number="431"/>
						<line hits="1" number="432"/>
						<line branch="true" condition-coverage="50% (1/2)" hits="1" missing-branches="434" number="433"/>
						<line hits="0" number="434"/>
						<line branch="true" condition-coverage="100% (2/2)" hits="1" number="436"/>
						<line hits="1" number="437"/>
						<line branch="true" condition-coverage="100% (2/2)" hits="1" number="438"/>
						<line hits="1" number="440"/>
						<line hits="1" number="441"/>
						<line hits="1" number="444"/>
						<line branch="true" condition-coverage="50% (1/2)" hits="1" missing-branches="451" number="450"/>
						<line hits="0" number="451"/>
						<line hits="1" number="452"/>
						<line branch="true" condition-coverage="100% (2/2)" hits="1" number="453"/>
						<line branch="true" condition-coverage="100% (2/2)" hits="1" number="454"/>
						<line branch="true" condition-coverage="50% (1/2)" hits="1" missing-branches="456" number="455"/>
						<line hits="0" number="456"/>
						<line hits="0" number="457"/>
						<line branch="true" condition-coverage="0% (0/2)" hits="0" missing-branches="459,461" number="458"/>
						<line hits="0" number="459"/>
						<line hits="0" number="461"/>
						<line hits="1" number="463"/>
						<line branch="true" condition-coverage="50% (1/2)" hits="1" missing-branches="467" number="465"/>
						<line hits="1" number="466"/>
						<line branch="true" condition-coverage="0% (0/2)" hits="0" missing-branches="468,470" number="467"/>
						<line hits="0" number="468"/>
						<line hits="0" number="470"/>
						<line hits="0" number="471"/>
					</lines>
				</class>
			</classes>
		</package>
	</packages>
</coverage>
